0 info it worked if it ends with ok
1 verbose cli [ 'C:\\Program Files\\nodejs\\node.exe',
1 verbose cli   'C:\\Program Files\\nodejs\\node_modules\\npm\\bin\\npm-cli.js',
1 verbose cli   'run',
1 verbose cli   'client-install' ]
2 info using npm@3.10.10
3 info using node@v6.11.2
4 verbose run-script [ 'preclient-install', 'client-install', 'postclient-install' ]
5 info lifecycle cinema-in-a-box@1.0.0~preclient-install: cinema-in-a-box@1.0.0
6 silly lifecycle cinema-in-a-box@1.0.0~preclient-install: no script for preclient-install, continuing
7 info lifecycle cinema-in-a-box@1.0.0~client-install: cinema-in-a-box@1.0.0
8 verbose lifecycle cinema-in-a-box@1.0.0~client-install: unsafe-perm in lifecycle true
9 verbose lifecycle cinema-in-a-box@1.0.0~client-install: PATH: C:\Program Files\nodejs\node_modules\npm\bin\node-gyp-bin;C:\Users\Kausar Ansari-GGN\Desktop\DoNotBackup\MERN-project\node_modules\.bin;C:\Program Files (x86)\Common Files\Oracle\Java\javapath;C:\Program Files (x86)\RSA SecurID Token Common;C:\Program Files\RSA SecurID Token Common;C:\ProgramData\Oracle\Java\javapath;C:\Windows\system32;C:\Windows;C:\Windows\System32\Wbem;C:\Windows\System32\WindowsPowerShell\v1.0\;c:\Program Files (x86)\Box\Box Edit\;C:\Program Files (x86)\IBM\Notes;C:\Program Files\nodejs\;C:\Program Files\TortoiseGit\bin;C:\Program Files\Intel\WiFi\bin\;C:\Program Files\Common Files\Intel\WirelessCommon\;C:\Program Files\Microsoft VS Code\bin;C:\Ruby24-x64\bin;C:\Users\Kausar Ansari-GGN\AppData\Local\Microsoft\WindowsApps;C:\Program Files\Microsoft VS Code\bin;C:\Users\Kausar Ansari-GGN\AppData\Roaming\npm;C:\Users\Kausar Ansari-GGN\AppData\Local\Programs\Git\cmd;C:\Program Files\Intel\WiFi\bin\;C:\Program Files\Common Files\Intel\WirelessCommon\
10 verbose lifecycle cinema-in-a-box@1.0.0~client-install: CWD: C:\Users\Kausar Ansari-GGN\Desktop\DoNotBackup\MERN-project
11 silly lifecycle cinema-in-a-box@1.0.0~client-install: Args: [ '/d /s /c', 'npm install --prefix client' ]
12 silly lifecycle cinema-in-a-box@1.0.0~client-install: Returned: code: 1  signal: null
13 info lifecycle cinema-in-a-box@1.0.0~client-install: Failed to exec client-install script
14 verbose stack Error: cinema-in-a-box@1.0.0 client-install: `npm install --prefix client`
14 verbose stack Exit status 1
14 verbose stack     at EventEmitter.<anonymous> (C:\Program Files\nodejs\node_modules\npm\lib\utils\lifecycle.js:255:16)
14 verbose stack     at emitTwo (events.js:106:13)
14 verbose stack     at EventEmitter.emit (events.js:191:7)
14 verbose stack     at ChildProcess.<anonymous> (C:\Program Files\nodejs\node_modules\npm\lib\utils\spawn.js:40:14)
14 verbose stack     at emitTwo (events.js:106:13)
14 verbose stack     at ChildProcess.emit (events.js:191:7)
14 verbose stack     at maybeClose (internal/child_process.js:891:16)
14 verbose stack     at Process.ChildProcess._handle.onexit (internal/child_process.js:226:5)
15 verbose pkgid cinema-in-a-box@1.0.0
16 verbose cwd C:\Users\Kausar Ansari-GGN\Desktop\DoNotBackup\MERN-project
17 error Windows_NT 10.0.14393
18 error argv "C:\\Program Files\\nodejs\\node.exe" "C:\\Program Files\\nodejs\\node_modules\\npm\\bin\\npm-cli.js" "run" "client-install"
19 error node v6.11.2
20 error npm  v3.10.10
21 error code ELIFECYCLE
22 error cinema-in-a-box@1.0.0 client-install: `npm install --prefix client`
22 error Exit status 1
23 error Failed at the cinema-in-a-box@1.0.0 client-install script 'npm install --prefix client'.
23 error Make sure you have the latest version of node.js and npm installed.
23 error If you do, this is most likely a problem with the cinema-in-a-box package,
23 error not with npm itself.
23 error Tell the author that this fails on your system:
23 error     npm install --prefix client
23 error You can get information on how to open an issue for this project with:
23 error     npm bugs cinema-in-a-box
23 error Or if that isn't available, you can get their info via:
23 error     npm owner ls cinema-in-a-box
23 error There is likely additional logging output above.
24 verbose exit [ 1, true ]
